<?xml version="1.0" encoding="UTF-8"?>
<!-- Generated by org.testng.reporters.JUnitXMLReporter -->
<testsuite hostname="PC-35" ignored="11" name="SmokeTest" tests="3" failures="0" timestamp="15 Nov 2018 11:50:02 GMT" time="29.088" errors="0">
  <testcase name="registrationTest" time="8.261" classname="com.thinkexam.qa.testcases.RegistrationPageTest"/>
  <testcase name="clickOnProfileMenuTest" time="0.396" classname="com.thinkexam.qa.testcases.HomePageTest"/>
  <testcase name="loginTest" time="1.226" classname="com.thinkexam.qa.testcases.LoginPageTest"/>
  <testcase name="scrollTest" time="0.0" classname="com.thinkexam.qa.testcases.RegistrationPageTest">
    <ignored/>
  </testcase> <!-- scrollTest -->
  <testcase name="validateUserNameTest" time="0.0" classname="com.thinkexam.qa.testcases.HomePageTest">
    <ignored/>
  </testcase> <!-- validateUserNameTest -->
  <testcase name="validateClietEmailTest" time="0.0" classname="com.thinkexam.qa.testcases.RegistrationPageTest">
    <ignored/>
  </testcase> <!-- validateClietEmailTest -->
  <testcase name="logoutHomePageTest" time="0.0" classname="com.thinkexam.qa.testcases.HomePageTest">
    <ignored/>
  </testcase> <!-- logoutHomePageTest -->
  <testcase name="validateTitleTest" time="0.0" classname="com.thinkexam.qa.testcases.HomePageTest">
    <ignored/>
  </testcase> <!-- validateTitleTest -->
  <testcase name="validateLoginPageLogoTest" time="0.0" classname="com.thinkexam.qa.testcases.LoginPageTest">
    <ignored/>
  </testcase> <!-- validateLoginPageLogoTest -->
  <testcase name="validateOnlineSupportTest" time="0.0" classname="com.thinkexam.qa.testcases.RegistrationPageTest">
    <ignored/>
  </testcase> <!-- validateOnlineSupportTest -->
  <testcase name="validateCopyrightContentTextTest" time="0.0" classname="com.thinkexam.qa.testcases.RegistrationPageTest">
    <ignored/>
  </testcase> <!-- validateCopyrightContentTextTest -->
  <testcase name="validateResetPassword" time="0.0" classname="com.thinkexam.qa.testcases.LoginPageTest">
    <ignored/>
  </testcase> <!-- validateResetPassword -->
  <testcase name="validateTechSupportTest" time="0.0" classname="com.thinkexam.qa.testcases.RegistrationPageTest">
    <ignored/>
  </testcase> <!-- validateTechSupportTest -->
  <testcase name="loginPageTitleTest" time="0.0" classname="com.thinkexam.qa.testcases.LoginPageTest">
    <ignored/>
  </testcase> <!-- loginPageTitleTest -->
</testsuite> <!-- SmokeTest -->
